<?xml version="1.0" encoding="UTF-8"?>
<testng-results ignored="0" total="1" passed="1" failed="0" skipped="0">
  <reporter-output>
  </reporter-output>
  <suite started-at="2019-08-01T02:01:24Z" name="nopcommerce" finished-at="2019-08-01T02:03:01Z" duration-ms="96933">
    <groups>
    </groups>
    <test started-at="2019-08-01T02:01:24Z" name="chrometest" finished-at="2019-08-01T02:03:01Z" duration-ms="96933">
      <class name="com.nopcommerce.testCases.TC_SearchByRoleTest_006">
        <test-method is-config="true" signature="setup(java.lang.String)[pri:0, instance:com.nopcommerce.testCases.TC_SearchByRoleTest_006@78b729e6]" started-at="2019-08-01T02:01:26Z" name="setup" finished-at="2019-08-01T02:01:49Z" duration-ms="22992" status="PASS">
          <params>
            <param index="0">
              <value>
                <![CDATA[chrome]]>
              </value>
            </param>
          </params>
          <reporter-output>
          </reporter-output>
        </test-method> <!-- setup -->
        <test-method signature="searchByRole()[pri:0, instance:com.nopcommerce.testCases.TC_SearchByRoleTest_006@78b729e6]" started-at="2019-08-01T02:01:49Z" name="searchByRole" finished-at="2019-08-01T02:02:59Z" duration-ms="69839" status="PASS">
          <reporter-output>
          </reporter-output>
        </test-method> <!-- searchByRole -->
        <test-method is-config="true" signature="tearDown()[pri:0, instance:com.nopcommerce.testCases.TC_SearchByRoleTest_006@78b729e6]" started-at="2019-08-01T02:02:59Z" name="tearDown" finished-at="2019-08-01T02:03:01Z" duration-ms="2018" status="PASS">
          <reporter-output>
          </reporter-output>
        </test-method> <!-- tearDown -->
      </class> <!-- com.nopcommerce.testCases.TC_SearchByRoleTest_006 -->
    </test> <!-- chrometest -->
  </suite> <!-- nopcommerce -->
</testng-results>
